<?xml version="1.0" encoding="UTF-8"?>
<!-- Generated by org.testng.reporters.JUnitXMLReporter -->
<testsuite ignored="0" hostname="Mohits-MacBook-Air.local" failures="1" tests="3" name="Test" time="19.281" errors="0" timestamp="2021-07-24T09:08:41 IST">
  <testcase classname="testCases.LoginTest" name="failTest" time="0.02">
    <failure type="java.lang.AssertionError" message="expected [false] but found [true]">
      <![CDATA[java.lang.AssertionError: expected [false] but found [true]
at testCases.LoginTest.failTest(LoginTest.java:35)
at java.base/java.util.ArrayList.forEach(ArrayList.java:1511)
... Removed 31 stack frames]]>
    </failure>
  </testcase> <!-- failTest -->
  <testcase classname="testCases.LoginTest" name="loginTitleTest" time="0.011"/>
  <testcase classname="testCases.LoginTest" name="skippedTest" time="0.001">
    <skipped/>
  </testcase> <!-- skippedTest -->
</testsuite> <!-- Test -->
